[2023-10-26T08:34:58+0000] [PACMAN] Running 'pacman -Syu --root /d/a/msys2-installer/msys2-installer/_build/newmsys/msys64'
[2023-10-26T08:34:58+0000] [PACMAN] synchronizing package lists
[2023-10-26T08:35:01+0000] [PACMAN] starting core system upgrade
[2023-10-26T08:35:01+0000] [PACMAN] starting full system upgrade
[2023-10-26T08:35:02+0000] [PACMAN] Running 'pacman -S --noconfirm --root /d/a/msys2-installer/msys2-installer/_build/newmsys/msys64 filesystem msys2-runtime'
[2023-10-26T08:35:05+0000] [ALPM] transaction started
[2023-10-26T08:35:05+0000] [ALPM] installed filesystem (2023.02.07-1)
[2023-10-26T08:35:05+0000] [ALPM] installed msys2-runtime (3.4.9-2)
[2023-10-26T08:35:05+0000] [ALPM] transaction completed
[2023-10-26T08:35:06+0000] [PACMAN] Running 'pacman -S --noconfirm --root /d/a/msys2-installer/msys2-installer/_build/newmsys/msys64 base'
[2023-10-26T08:35:46+0000] [ALPM] transaction started
[2023-10-26T08:35:46+0000] [ALPM] installed bash (5.2.015-2)
[2023-10-26T08:35:48+0000] [ALPM] installed bash-completion (2.11-3)
[2023-10-26T08:35:48+0000] [ALPM] installed gcc-libs (13.2.0-2)
[2023-10-26T08:35:48+0000] [ALPM] installed libbz2 (1.0.8-4)
[2023-10-26T08:35:48+0000] [ALPM] installed libintl (0.22.3-1)
[2023-10-26T08:35:48+0000] [ALPM] installed libiconv (1.17-1)
[2023-10-26T08:35:48+0000] [ALPM] installed libexpat (2.5.0-1)
[2023-10-26T08:35:48+0000] [ALPM] installed libgettextpo (0.22.3-1)
[2023-10-26T08:35:48+0000] [ALPM] installed libasprintf (0.22.3-1)
[2023-10-26T08:35:48+0000] [ALPM] installed gettext (0.22.3-1)
[2023-10-26T08:35:48+0000] [ALPM] installed liblzma (5.4.4-1)
[2023-10-26T08:35:48+0000] [ALPM] installed liblz4 (1.9.4-1)
[2023-10-26T08:35:48+0000] [ALPM] installed libopenssl (3.1.4-1)
[2023-10-26T08:35:48+0000] [ALPM] installed libzstd (1.5.5-1)
[2023-10-26T08:35:48+0000] [ALPM] installed zlib (1.3-1)
[2023-10-26T08:35:48+0000] [ALPM] installed bsdtar (3.7.2-1)
[2023-10-26T08:35:48+0000] [ALPM] installed bzip2 (1.0.8-4)
[2023-10-26T08:35:48+0000] [ALPM] installed gmp (6.3.0-1)
[2023-10-26T08:35:49+0000] [ALPM] installed coreutils (8.32-5)
[2023-10-26T08:35:49+0000] [ALPM] installed openssl (3.1.4-1)
[2023-10-26T08:35:49+0000] [ALPM] installed findutils (4.9.0-3)
[2023-10-26T08:35:49+0000] [ALPM] installed sed (4.9-1)
[2023-10-26T08:35:49+0000] [ALPM] installed libffi (3.4.4-1)
[2023-10-26T08:36:00+0000] [ALPM] installed ncurses (6.4-2)
[2023-10-26T08:36:00+0000] [ALPM] installed libpcre2_8 (10.42-1)
[2023-10-26T08:36:00+0000] [ALPM] installed less (643-1)
[2023-10-26T08:36:00+0000] [ALPM] installed gzip (1.13-1)
[2023-10-26T08:36:00+0000] [ALPM] installed libxcrypt (4.4.36-1)
[2023-10-26T08:36:00+0000] [ALPM] installed info (7.1-1)
[2023-10-26T08:36:01+0000] [ALPM] installed libtasn1 (4.19.0-1)
[2023-10-26T08:36:01+0000] [ALPM] installed libp11-kit (0.25.0-1)
[2023-10-26T08:36:01+0000] [ALPM] installed p11-kit (0.25.0-1)
[2023-10-26T08:36:01+0000] [ALPM] installed ca-certificates (20230311-1)
[2023-10-26T08:36:02+0000] [ALPM] installed brotli (1.1.0-1)
[2023-10-26T08:36:02+0000] [ALPM] installed libdb (5.3.28-5)
[2023-10-26T08:36:02+0000] [ALPM] installed libedit (20221030_3.1-1)
[2023-10-26T08:36:02+0000] [ALPM] installed libsqlite (3.42.0-2)
[2023-10-26T08:36:02+0000] [ALPM] installed heimdal-libs (7.8.0-4)
[2023-10-26T08:36:02+0000] [ALPM] installed libunistring (1.1-2)
[2023-10-26T08:36:02+0000] [ALPM] installed libidn2 (2.3.4-2)
[2023-10-26T08:36:02+0000] [ALPM] installed libnghttp2 (1.57.0-1)
[2023-10-26T08:36:02+0000] [ALPM] installed libreadline (8.2.001-3)
[2023-10-26T08:36:02+0000] [ALPM] installed libxml2 (2.11.5-1)
[2023-10-26T08:36:02+0000] [ALPM] installed libgpg-error (1.47-1)
[2023-10-26T08:36:02+0000] [ALPM] installed libgcrypt (1.10.2-1)
[2023-10-26T08:36:02+0000] [ALPM] installed libxslt (1.1.38-1)
[2023-10-26T08:36:02+0000] [ALPM] installed libpsl (0.21.2-1)
[2023-10-26T08:36:03+0000] [ALPM] installed libssh2 (1.11.0-1)
[2023-10-26T08:36:03+0000] [ALPM] installed libcurl (8.4.0-1)
[2023-10-26T08:36:04+0000] [ALPM] installed curl (8.4.0-1)
[2023-10-26T08:36:04+0000] [ALPM] installed libpcre (8.45-4)
[2023-10-26T08:36:04+0000] [ALPM] installed grep (1~3.0-6)
[2023-10-26T08:36:04+0000] [ALPM] installed dash (0.5.12-1)
[2023-10-26T08:36:04+0000] [ALPM] installed file (5.45-1)
[2023-10-26T08:36:04+0000] [ALPM] installed mpfr (4.2.1-1)
[2023-10-26T08:36:04+0000] [ALPM] installed gawk (5.2.2-1)
[2023-10-26T08:36:04+0000] [ALPM] installed libargp (20110921-4)
[2023-10-26T08:36:04+0000] [ALPM] installed getent (2.18.90-4)
[2023-10-26T08:36:04+0000] [ALPM] installed inetutils (2.4-2)
[2023-10-26T08:36:04+0000] [ALPM] installed mintty (1~3.6.5-1)
[2023-10-26T08:36:04+0000] [ALPM] installed msys2-keyring (1~20231013-1)
[2023-10-26T08:36:04+0000] [ALPM] installed msys2-launcher (1.5-1)
[2023-10-26T08:36:05+0000] [ALPM] installed nano (7.2-1)
[2023-10-26T08:36:05+0000] [ALPM] installed libassuan (2.5.6-1)
[2023-10-26T08:36:05+0000] [ALPM] installed libhogweed (3.9.1-1)
[2023-10-26T08:36:05+0000] [ALPM] installed libnettle (3.9.1-1)
[2023-10-26T08:36:05+0000] [ALPM] installed libgnutls (3.8.1-2)
[2023-10-26T08:36:05+0000] [ALPM] installed libksba (1.6.4-1)
[2023-10-26T08:36:05+0000] [ALPM] installed libnpth (1.6-1)
[2023-10-26T08:36:05+0000] [ALPM] installed nettle (3.9.1-1)
[2023-10-26T08:36:05+0000] [ALPM] installed pinentry (1.2.1-1)
[2023-10-26T08:36:05+0000] [ALPM] installed gnupg (2.2.41-1)
[2023-10-26T08:36:05+0000] [ALPM] installed pacman-mirrors (20221016-1)
[2023-10-26T08:36:05+0000] [ALPM] installed which (2.21-4)
[2023-10-26T08:36:06+0000] [ALPM] installed xz (5.4.4-1)
[2023-10-26T08:36:06+0000] [ALPM] installed zstd (1.5.5-1)
[2023-10-26T08:36:06+0000] [ALPM] installed pacman (6.0.2-11)
[2023-10-26T08:36:07+0000] [ALPM] installed db (5.3.28-5)
[2023-10-26T08:36:07+0000] [ALPM] installed libgdbm (1.23-1)
[2023-10-26T08:36:07+0000] [ALPM] installed gdbm (1.23-1)
[2023-10-26T08:36:10+0000] [ALPM] installed perl (5.36.1-2)
[2023-10-26T08:36:10+0000] [ALPM] installed pacman-contrib (1.9.1-1)
[2023-10-26T08:36:10+0000] [ALPM] installed rebase (4.5.0-4)
[2023-10-26T08:36:10+0000] [ALPM] installed tar (1.35-2)
[2023-10-26T08:36:10+0000] [ALPM] installed time (1.9-3)
[2023-10-26T08:36:14+0000] [ALPM] installed tzcode (2023c-1)
[2023-10-26T08:36:14+0000] [ALPM] installed libutil-linux (2.35.2-4)
[2023-10-26T08:36:14+0000] [ALPM] installed util-linux (2.35.2-4)
[2023-10-26T08:36:14+0000] [ALPM] installed libgpgme (1.22.0-2)
[2023-10-26T08:36:14+0000] [ALPM] installed wget (1.21.4-1)
[2023-10-26T08:36:14+0000] [ALPM] installed base (2022.06-1)
[2023-10-26T08:36:14+0000] [ALPM] transaction completed
[2023-10-26T08:36:14+0000] [ALPM] running 'texinfo-install.hook'...
[2023-12-07T14:16:08+0100] [PACMAN] Running 'pacman -S mingw-w64-ucrt-x86_64-gcc'
[2023-12-07T14:17:01+0100] [ALPM] transaction started
[2023-12-07T14:17:02+0100] [ALPM] installed mingw-w64-ucrt-x86_64-libwinpthread-git (11.0.0.r239.g037ba0184-1)
[2023-12-07T14:17:02+0100] [ALPM] installed mingw-w64-ucrt-x86_64-gcc-libs (13.2.0-2)
[2023-12-07T14:17:02+0100] [ALPM] installed mingw-w64-ucrt-x86_64-zstd (1.5.5-1)
[2023-12-07T14:17:05+0100] [ALPM] installed mingw-w64-ucrt-x86_64-binutils (2.41-2)
[2023-12-07T14:17:40+0100] [ALPM] installed mingw-w64-ucrt-x86_64-headers-git (11.0.0.r239.g037ba0184-1)
[2023-12-07T14:17:54+0100] [ALPM] installed mingw-w64-ucrt-x86_64-crt-git (11.0.0.r239.g037ba0184-1)
[2023-12-07T14:17:55+0100] [ALPM] installed mingw-w64-ucrt-x86_64-gmp (6.3.0-2)
[2023-12-07T14:17:56+0100] [ALPM] installed mingw-w64-ucrt-x86_64-isl (0.26-1)
[2023-12-07T14:17:56+0100] [ALPM] installed mingw-w64-ucrt-x86_64-libiconv (1.17-3)
[2023-12-07T14:17:57+0100] [ALPM] installed mingw-w64-ucrt-x86_64-mpfr (4.2.1-2)
[2023-12-07T14:17:57+0100] [ALPM] installed mingw-w64-ucrt-x86_64-mpc (1.3.1-2)
[2023-12-07T14:17:57+0100] [ALPM] installed mingw-w64-ucrt-x86_64-windows-default-manifest (6.4-4)
[2023-12-07T14:17:58+0100] [ALPM] installed mingw-w64-ucrt-x86_64-winpthreads-git (11.0.0.r239.g037ba0184-1)
[2023-12-07T14:18:00+0100] [ALPM] installed mingw-w64-ucrt-x86_64-zlib (1.3-1)
[2023-12-07T14:18:32+0100] [ALPM] installed mingw-w64-ucrt-x86_64-gcc (13.2.0-2)
[2023-12-07T14:18:32+0100] [ALPM] transaction completed
[2023-12-07T14:26:34+0100] [PACMAN] Running 'pacman -S mingw-w64-ucrt-x86_64-gcc'
[2023-12-07T14:26:54+0100] [ALPM] transaction started
[2023-12-07T14:27:07+0100] [ALPM] reinstalled mingw-w64-ucrt-x86_64-gcc (13.2.0-2)
[2023-12-07T14:27:07+0100] [ALPM] transaction completed
[2023-12-07T14:29:32+0100] [PACMAN] Running 'pacman -S mingw-w64-ucrt-x86_64-gcc'
[2023-12-07T14:29:37+0100] [ALPM] transaction started
[2023-12-07T14:29:48+0100] [ALPM] reinstalled mingw-w64-ucrt-x86_64-gcc (13.2.0-2)
[2023-12-07T14:29:48+0100] [ALPM] transaction completed
[2023-12-07T14:35:21+0100] [PACMAN] Running 'pacman -S mingw-w64-ucrt-x86_64-gcc'
[2023-12-07T14:35:55+0100] [ALPM] transaction started
[2023-12-07T14:36:13+0100] [ALPM] reinstalled mingw-w64-ucrt-x86_64-gcc (13.2.0-2)
[2023-12-07T14:36:13+0100] [ALPM] transaction completed
[2024-01-04T15:49:48+0100] [PACMAN] Running 'pacman -S mingw-w64-ucrt-x86_64-gcc'
[2024-01-04T15:50:12+0100] [ALPM] transaction started
[2024-01-04T15:50:18+0100] [ALPM] reinstalled mingw-w64-ucrt-x86_64-gcc (13.2.0-2)
[2024-01-04T15:50:18+0100] [ALPM] transaction completed
[2024-01-04T16:12:28+0100] [PACMAN] Running 'pacman -S mingw-w64-x86_64-gcc'
[2024-01-04T16:12:55+0100] [ALPM] transaction started
[2024-01-04T16:12:55+0100] [ALPM] installed mingw-w64-x86_64-libwinpthread-git (11.0.0.r239.g037ba0184-1)
[2024-01-04T16:12:55+0100] [ALPM] installed mingw-w64-x86_64-gcc-libs (13.2.0-2)
[2024-01-04T16:12:55+0100] [ALPM] installed mingw-w64-x86_64-zstd (1.5.5-1)
[2024-01-04T16:12:56+0100] [ALPM] installed mingw-w64-x86_64-binutils (2.41-2)
[2024-01-04T16:13:05+0100] [ALPM] installed mingw-w64-x86_64-headers-git (11.0.0.r239.g037ba0184-1)
[2024-01-04T16:13:11+0100] [ALPM] installed mingw-w64-x86_64-crt-git (11.0.0.r239.g037ba0184-1)
[2024-01-04T16:13:11+0100] [ALPM] installed mingw-w64-x86_64-gmp (6.3.0-2)
[2024-01-04T16:13:11+0100] [ALPM] installed mingw-w64-x86_64-isl (0.26-1)
[2024-01-04T16:13:11+0100] [ALPM] installed mingw-w64-x86_64-libiconv (1.17-3)
[2024-01-04T16:13:11+0100] [ALPM] installed mingw-w64-x86_64-mpfr (4.2.1-2)
[2024-01-04T16:13:11+0100] [ALPM] installed mingw-w64-x86_64-mpc (1.3.1-2)
[2024-01-04T16:13:11+0100] [ALPM] installed mingw-w64-x86_64-windows-default-manifest (6.4-4)
[2024-01-04T16:13:12+0100] [ALPM] installed mingw-w64-x86_64-winpthreads-git (11.0.0.r239.g037ba0184-1)
[2024-01-04T16:13:12+0100] [ALPM] installed mingw-w64-x86_64-zlib (1.3-1)
[2024-01-04T16:13:19+0100] [ALPM] installed mingw-w64-x86_64-gcc (13.2.0-2)
[2024-01-04T16:13:19+0100] [ALPM] transaction completed
[2024-01-04T16:22:05+0100] [PACMAN] Running 'pacman -S mingw-w64-x86_64-gtk4'
[2024-01-04T16:22:59+0100] [ALPM] transaction started
[2024-01-04T16:23:00+0100] [ALPM] installed mingw-w64-x86_64-hicolor-icon-theme (0.17-3)
[2024-01-04T16:23:00+0100] [ALPM] installed mingw-w64-x86_64-expat (2.5.0-1)
[2024-01-04T16:23:11+0100] [ALPM] installed mingw-w64-x86_64-gettext (0.21.1-2)
[2024-01-04T16:23:11+0100] [ALPM] installed mingw-w64-x86_64-bzip2 (1.0.8-3)
[2024-01-04T16:23:11+0100] [ALPM] installed mingw-w64-x86_64-wineditline (2.206-1)
[2024-01-04T16:23:12+0100] [ALPM] installed mingw-w64-x86_64-pcre2 (10.42-1)
[2024-01-04T16:23:12+0100] [ALPM] installed mingw-w64-x86_64-libffi (3.4.4-1)
[2024-01-04T16:23:12+0100] [ALPM] installed mingw-w64-x86_64-mpdecimal (2.5.1-1)
[2024-01-04T16:23:12+0100] [ALPM] installed mingw-w64-x86_64-libtre-git (r128.6fb7206-2)
[2024-01-04T16:23:12+0100] [ALPM] installed mingw-w64-x86_64-libsystre (1.0.1-4)
[2024-01-04T16:23:38+0100] [ALPM] installed mingw-w64-x86_64-ncurses (6.4.20230708-1)
[2024-01-04T16:24:01+0100] [ALPM] installed mingw-w64-x86_64-openssl (3.1.4-1)
[2024-01-04T16:24:01+0100] [ALPM] installed mingw-w64-x86_64-termcap (1.3.1-7)
[2024-01-04T16:24:01+0100] [ALPM] installed mingw-w64-x86_64-readline (8.2.001-6)
[2024-01-04T16:24:10+0100] [ALPM] installed mingw-w64-x86_64-tcl (8.6.12-2)
[2024-01-04T16:24:11+0100] [ALPM] installed mingw-w64-x86_64-sqlite3 (3.43.2-1)
[2024-01-04T16:24:14+0100] [ALPM] installed mingw-w64-x86_64-tk (8.6.12-2)
[2024-01-04T16:24:15+0100] [ALPM] installed mingw-w64-x86_64-xz (5.4.4-1)
[2024-01-04T16:24:23+0100] [ALPM] installed mingw-w64-x86_64-tzdata (2023c-1)
[2024-01-04T16:25:09+0100] [ALPM] installed mingw-w64-x86_64-python (3.11.6-1)
[2024-01-04T16:25:12+0100] [ALPM] installed mingw-w64-x86_64-glib2 (2.78.1-1)
[2024-01-04T16:25:12+0100] [ALPM] installed mingw-w64-x86_64-libjpeg-turbo (3.0.1-1)
[2024-01-04T16:25:12+0100] [ALPM] installed mingw-w64-x86_64-libpng (1.6.40-1)
[2024-01-04T16:25:12+0100] [ALPM] installed mingw-w64-x86_64-jbigkit (2.1-5)
[2024-01-04T16:25:12+0100] [ALPM] installed mingw-w64-x86_64-lerc (4.0.0-1)
[2024-01-04T16:25:13+0100] [ALPM] installed mingw-w64-x86_64-libdeflate (1.19-1)
[2024-01-04T16:25:13+0100] [ALPM] installed mingw-w64-x86_64-giflib (5.2.1-3)
[2024-01-04T16:25:13+0100] [ALPM] installed mingw-w64-x86_64-libwebp (1.3.2-1)
[2024-01-04T16:25:14+0100] [ALPM] installed mingw-w64-x86_64-libtiff (4.6.0-1)
[2024-01-04T16:25:15+0100] [ALPM] installed mingw-w64-x86_64-gdk-pixbuf2 (2.42.10-4)
[2024-01-04T16:25:15+0100] [ALPM] installed mingw-w64-x86_64-brotli (1.1.0-1)
[2024-01-04T16:25:15+0100] [ALPM] installed mingw-w64-x86_64-graphite2 (1.3.14-3)
[2024-01-04T16:25:15+0100] [ALPM] installed mingw-w64-x86_64-harfbuzz (8.2.2-1)
[2024-01-04T16:25:16+0100] [ALPM] installed mingw-w64-x86_64-freetype (2.13.2-1)
[2024-01-04T16:25:16+0100] [ALPM] installed mingw-w64-x86_64-fontconfig (2.14.2-1)
[2024-01-04T16:25:22+0100] [ALPM-SCRIPTLET] updating font cache... done.
[2024-01-04T16:25:22+0100] [ALPM] installed mingw-w64-x86_64-lzo2 (2.10-2)
[2024-01-04T16:25:22+0100] [ALPM] installed mingw-w64-x86_64-pixman (0.42.2-1)
[2024-01-04T16:25:23+0100] [ALPM] installed mingw-w64-x86_64-cairo (1.18.0-1)
[2024-01-04T16:25:23+0100] [ALPM] installed mingw-w64-x86_64-fribidi (1.0.13-1)
[2024-01-04T16:25:23+0100] [ALPM] installed mingw-w64-x86_64-libdatrie (0.2.13-3)
[2024-01-04T16:25:23+0100] [ALPM] installed mingw-w64-x86_64-libthai (0.1.29-3)
[2024-01-04T16:25:23+0100] [ALPM] installed mingw-w64-x86_64-pango (1.50.14-4)
[2024-01-04T16:25:24+0100] [ALPM] installed mingw-w64-x86_64-libxml2 (2.11.5-1)
[2024-01-04T16:25:25+0100] [ALPM] installed mingw-w64-x86_64-librsvg (2.57.0-2)
[2024-01-04T16:25:25+0100] [ALPM] installed mingw-w64-x86_64-gtk-update-icon-cache (3.24.38.r43.g0f717ca-1)
[2024-01-04T16:25:35+0100] [ALPM] installed mingw-w64-x86_64-adwaita-icon-theme (44.0-1)
[2024-01-04T16:25:35+0100] [ALPM] installed mingw-w64-x86_64-graphene (1.10.8-2)
[2024-01-04T16:25:36+0100] [ALPM] installed mingw-w64-x86_64-json-glib (1.8.0-1)
[2024-01-04T16:25:36+0100] [ALPM] installed mingw-w64-x86_64-egl-headers (1.5.r255.9ab6036-1)
[2024-01-04T16:25:36+0100] [ALPM] installed mingw-w64-x86_64-gles-headers (3.2.r1005.d127c30-1)
[2024-01-04T16:25:36+0100] [ALPM] installed mingw-w64-x86_64-libepoxy (1.5.10-5)
[2024-01-04T16:25:37+0100] [ALPM] installed mingw-w64-x86_64-shared-mime-info (2.3-1)
[2024-01-04T16:25:40+0100] [ALPM] installed mingw-w64-x86_64-gtk4 (4.12.3-1)
[2024-01-04T16:25:40+0100] [ALPM] transaction completed
[2024-01-04T16:25:40+0100] [ALPM] running 'mingw-w64-x86_64-fontconfig.hook'...
[2024-01-04T16:25:40+0100] [ALPM] running 'mingw-w64-x86_64-gdk-pixbuf-query-loaders.hook'...
[2024-01-04T16:25:40+0100] [ALPM] running 'mingw-w64-x86_64-glib-compile-schemas.hook'...
[2024-01-04T16:25:40+0100] [ALPM] running 'mingw-w64-x86_64-gtk-update-icon-cache.hook'...
[2024-01-04T16:25:41+0100] [ALPM] running 'mingw-w64-x86_64-update-mime-database.hook'...
[2024-01-04T16:25:44+0100] [ALPM-SCRIPTLET] 
[2024-01-04T16:25:44+0100] [ALPM-SCRIPTLET] Note that 'C:/msys64/mingw64/share' is not in the search path
[2024-01-04T16:25:44+0100] [ALPM-SCRIPTLET] set by the XDG_DATA_HOME and XDG_DATA_DIRS
[2024-01-04T16:25:44+0100] [ALPM-SCRIPTLET] environment variables, so applications may not
[2024-01-04T16:25:44+0100] [ALPM-SCRIPTLET] be able to find it until you set them. The
[2024-01-04T16:25:44+0100] [ALPM-SCRIPTLET] directories currently searched are:
[2024-01-04T16:25:44+0100] [ALPM-SCRIPTLET] 
[2024-01-04T16:25:44+0100] [ALPM-SCRIPTLET] - C:\msys64\home\macil\.local\share
[2024-01-04T16:25:44+0100] [ALPM-SCRIPTLET] - C:\msys64\mingw64\share\
[2024-01-04T16:25:44+0100] [ALPM-SCRIPTLET] - C:\msys64\usr\local\share\
[2024-01-04T16:25:44+0100] [ALPM-SCRIPTLET] - C:\msys64\usr\share\
[2024-01-04T16:25:44+0100] [ALPM-SCRIPTLET] 
[2024-01-04T16:28:50+0100] [PACMAN] Running 'pacman -S mingw-w64-x86_64-toolchain base-devel'
[2024-01-04T16:30:23+0100] [ALPM] transaction started
[2024-01-04T16:30:23+0100] [ALPM] reinstalled mingw-w64-x86_64-libwinpthread-git (11.0.0.r239.g037ba0184-1)
[2024-01-04T16:30:23+0100] [ALPM] reinstalled mingw-w64-x86_64-gcc-libs (13.2.0-2)
[2024-01-04T16:30:24+0100] [ALPM] reinstalled mingw-w64-x86_64-binutils (2.41-2)
[2024-01-04T16:30:33+0100] [ALPM] reinstalled mingw-w64-x86_64-headers-git (11.0.0.r239.g037ba0184-1)
[2024-01-04T16:30:38+0100] [ALPM] reinstalled mingw-w64-x86_64-crt-git (11.0.0.r239.g037ba0184-1)
[2024-01-04T16:30:38+0100] [ALPM] reinstalled mingw-w64-x86_64-winpthreads-git (11.0.0.r239.g037ba0184-1)
[2024-01-04T16:30:45+0100] [ALPM] reinstalled mingw-w64-x86_64-gcc (13.2.0-2)
[2024-01-04T16:30:59+0100] [ALPM] installed mingw-w64-x86_64-gcc-ada (13.2.0-2)
[2024-01-04T16:30:59+0100] [ALPM] installed mingw-w64-x86_64-gcc-libgfortran (13.2.0-2)
[2024-01-04T16:30:59+0100] [ALPM] installed mingw-w64-x86_64-gcc-fortran (13.2.0-2)
[2024-01-04T16:31:00+0100] [ALPM] installed mingw-w64-x86_64-gcc-objc (13.2.0-2)
[2024-01-04T16:31:00+0100] [ALPM] installed mingw-w64-x86_64-xxhash (0.8.2-1)
[2024-01-04T16:31:00+0100] [ALPM] installed mingw-w64-x86_64-gdb (13.2-3)
[2024-01-04T16:31:01+0100] [ALPM] installed mingw-w64-x86_64-gdb-multiarch (13.2-3)
[2024-01-04T16:31:01+0100] [ALPM] installed mingw-w64-x86_64-libgccjit (13.2.0-2)
[2024-01-04T16:31:01+0100] [ALPM] installed mingw-w64-x86_64-libmangle-git (11.0.0.r239.g037ba0184-1)
[2024-01-04T16:31:01+0100] [ALPM] installed mingw-w64-x86_64-make (4.4-2)
[2024-01-04T16:31:01+0100] [ALPM] installed mingw-w64-x86_64-pkgconf (1~2.0.3-2)
[2024-01-04T16:31:01+0100] [ALPM] installed mingw-w64-x86_64-tools-git (11.0.0.r239.g037ba0184-1)
[2024-01-04T16:31:01+0100] [ALPM] installed mingw-w64-x86_64-winstorecompat-git (11.0.0.r239.g037ba0184-1)
[2024-01-04T16:31:03+0100] [ALPM] installed binutils (2.41-3)
[2024-01-04T16:31:03+0100] [ALPM] installed m4 (1.4.19-2)
[2024-01-04T16:31:04+0100] [ALPM] installed bison (3.8.2-5)
[2024-01-04T16:31:04+0100] [ALPM] installed diffstat (1.65-1)
[2024-01-04T16:31:04+0100] [ALPM] installed diffutils (3.10-1)
[2024-01-04T16:31:05+0100] [ALPM] installed dos2unix (7.5.1-1)
[2024-01-04T16:31:05+0100] [ALPM] installed flex (2.6.4-3)
[2024-01-04T16:31:09+0100] [ALPM] installed texinfo (7.1-1)
[2024-01-04T16:31:09+0100] [ALPM] installed texinfo-tex (7.1-1)
[2024-01-04T16:31:09+0100] [ALPM] installed make (4.4.1-1)
[2024-01-04T16:31:09+0100] [ALPM] installed patch (2.7.6-2)
[2024-01-04T16:31:09+0100] [ALPM] installed pkgconf (2.0.2-2)
[2024-01-04T16:31:09+0100] [ALPM] installed base-devel (2022.12-2)
[2024-01-04T16:31:09+0100] [ALPM] transaction completed
[2024-01-04T16:31:09+0100] [ALPM] running 'texinfo-install.hook'...
